25
Baseline
We are going to start the Jacobi-Iteration 
Iterations: 100 
Elapsed Time: 0.002388
gpu2
We are going to start the Jacobi-Iteration 
Elapsed (no Copy) 0.005355 
 Elapsed (copy) 0.005398 
50
Baseline
We are going to start the Jacobi-Iteration 
Iterations: 100 
Elapsed Time: 0.021408
gpu2
We are going to start the Jacobi-Iteration 
Elapsed (no Copy) 0.002063 
 Elapsed (copy) 0.002453 
75
Baseline
We are going to start the Jacobi-Iteration 
Iterations: 100 
Elapsed Time: 0.081563
gpu2
We are going to start the Jacobi-Iteration 
Elapsed (no Copy) 0.003885 
 Elapsed (copy) 0.004853 
100
Baseline
We are going to start the Jacobi-Iteration 
Iterations: 100 
Elapsed Time: 0.203558
gpu2
We are going to start the Jacobi-Iteration 
Elapsed (no Copy) 0.007569 
 Elapsed (copy) 0.009734 
125
Baseline
We are going to start the Jacobi-Iteration 
Iterations: 100 
Elapsed Time: 0.477367
gpu2
We are going to start the Jacobi-Iteration 
Elapsed (no Copy) 0.013500 
 Elapsed (copy) 0.018475 
150
Baseline
We are going to start the Jacobi-Iteration 
Iterations: 100 
Elapsed Time: 0.885414
gpu2
We are going to start the Jacobi-Iteration 
Elapsed (no Copy) 0.023381 
 Elapsed (copy) 0.031076 
175
Baseline
We are going to start the Jacobi-Iteration 
Iterations: 100 
Elapsed Time: 1.666643
gpu2
We are going to start the Jacobi-Iteration 
Elapsed (no Copy) 0.036159 
 Elapsed (copy) 0.048782 
200
Baseline
We are going to start the Jacobi-Iteration 
Iterations: 100 
Elapsed Time: 2.263070
gpu2
We are going to start the Jacobi-Iteration 
Elapsed (no Copy) 0.053028 
 Elapsed (copy) 0.071392 
225
Baseline
We are going to start the Jacobi-Iteration 
Iterations: 100 
Elapsed Time: 3.518893
gpu2
We are going to start the Jacobi-Iteration 
Elapsed (no Copy) 0.074028 
 Elapsed (copy) 0.100493 
250
Baseline
We are going to start the Jacobi-Iteration 
Iterations: 100 
Elapsed Time: 4.487724
gpu2
We are going to start the Jacobi-Iteration 
Elapsed (no Copy) 0.096931 
 Elapsed (copy) 0.137237 
275
Baseline
We are going to start the Jacobi-Iteration 
Iterations: 100 
Elapsed Time: 6.130615
gpu2
We are going to start the Jacobi-Iteration 
Elapsed (no Copy) 0.141725 
 Elapsed (copy) 0.183902 
300
Baseline
We are going to start the Jacobi-Iteration 
Iterations: 100 
Elapsed Time: 7.581053
gpu2
We are going to start the Jacobi-Iteration 
Elapsed (no Copy) 0.185890 
 Elapsed (copy) 0.239688 
325
Baseline
We are going to start the Jacobi-Iteration 
Iterations: 100 
Elapsed Time: 9.811353
gpu2
We are going to start the Jacobi-Iteration 
Elapsed (no Copy) 0.206335 
 Elapsed (copy) 0.293018 
350
Baseline
We are going to start the Jacobi-Iteration 
Iterations: 100 
Elapsed Time: 12.196285
gpu2
We are going to start the Jacobi-Iteration 
Elapsed (no Copy) 0.275931 
 Elapsed (copy) 0.374496 
375
Baseline
We are going to start the Jacobi-Iteration 
Iterations: 100 
Elapsed Time: 15.131688
gpu2
We are going to start the Jacobi-Iteration 
Elapsed (no Copy) 0.339349 
 Elapsed (copy) 0.459932 
400
Baseline
We are going to start the Jacobi-Iteration 
Iterations: 100 
Elapsed Time: 18.424641
gpu2
We are going to start the Jacobi-Iteration 
Elapsed (no Copy) 0.395738 
 Elapsed (copy) 0.542527 
425
Baseline
We are going to start the Jacobi-Iteration 
Iterations: 100 
Elapsed Time: 21.712349
gpu2
We are going to start the Jacobi-Iteration 
Elapsed (no Copy) 0.472825 
 Elapsed (copy) 0.648084 
450
Baseline
/zhome/51/5/153768/.lsbatch/1611324593.9174736.shell: line 23: 19819 Killed                  jacobi_bsln $c 100 0 0
gpu2
/zhome/51/5/153768/.lsbatch/1611324593.9174736.shell: line 23: 19821 Killed                  jacobi_gpu2 $c 100 0 0
475
Baseline
/zhome/51/5/153768/.lsbatch/1611324593.9174736.shell: line 23: 19827 Killed                  jacobi_bsln $c 100 0 0
gpu2
/zhome/51/5/153768/.lsbatch/1611324593.9174736.shell: line 23: 19829 Killed                  jacobi_gpu2 $c 100 0 0
500
Baseline
/zhome/51/5/153768/.lsbatch/1611324593.9174736.shell: line 23: 19835 Killed                  jacobi_bsln $c 100 0 0
gpu2
/zhome/51/5/153768/.lsbatch/1611324593.9174736.shell: line 23: 19836 Killed                  jacobi_gpu2 $c 100 0 0
525
Baseline
/zhome/51/5/153768/.lsbatch/1611324593.9174736.shell: line 23: 19842 Killed                  jacobi_bsln $c 100 0 0
gpu2
/zhome/51/5/153768/.lsbatch/1611324593.9174736.shell: line 23: 19845 Killed                  jacobi_gpu2 $c 100 0 0
550
Baseline
/zhome/51/5/153768/.lsbatch/1611324593.9174736.shell: line 23: 19851 Killed                  jacobi_bsln $c 100 0 0
gpu2
/zhome/51/5/153768/.lsbatch/1611324593.9174736.shell: line 23: 19853 Killed                  jacobi_gpu2 $c 100 0 0
575
Baseline
/zhome/51/5/153768/.lsbatch/1611324593.9174736.shell: line 23: 19859 Killed                  jacobi_bsln $c 100 0 0
gpu2
/zhome/51/5/153768/.lsbatch/1611324593.9174736.shell: line 23: 19860 Killed                  jacobi_gpu2 $c 100 0 0
600
Baseline
/zhome/51/5/153768/.lsbatch/1611324593.9174736.shell: line 23: 19866 Killed                  jacobi_bsln $c 100 0 0
gpu2
/zhome/51/5/153768/.lsbatch/1611324593.9174736.shell: line 23: 19868 Killed                  jacobi_gpu2 $c 100 0 0
625
Baseline
/zhome/51/5/153768/.lsbatch/1611324593.9174736.shell: line 23: 19874 Killed                  jacobi_bsln $c 100 0 0
gpu2
/zhome/51/5/153768/.lsbatch/1611324593.9174736.shell: line 23: 19876 Killed                  jacobi_gpu2 $c 100 0 0
650
Baseline
/zhome/51/5/153768/.lsbatch/1611324593.9174736.shell: line 23: 19881 Killed                  jacobi_bsln $c 100 0 0
gpu2
/zhome/51/5/153768/.lsbatch/1611324593.9174736.shell: line 23: 19883 Killed                  jacobi_gpu2 $c 100 0 0
675
Baseline

------------------------------------------------------------
Sender: LSF System <lsfadmin@n-62-12-20>
Subject: Job 9174736: <collectorgpu2> in cluster <dcc> Exited

Job <collectorgpu2> was submitted from host <n-62-12-23> by user <s202382> in cluster <dcc> at Fri Jan 22 15:09:53 2021
Job was executed on host(s) <n-62-12-20>, in queue <hpcintrogpu>, as user <s202382> in cluster <dcc> at Fri Jan 22 15:10:35 2021
</zhome/51/5/153768> was used as the home directory.
</zhome/51/5/153768/Assignment3/Poisson3D_gpu/gpu2_vs_bsl> was used as the working directory.
Started at Fri Jan 22 15:10:35 2021
Terminated at Fri Jan 22 15:13:12 2021
Results reported at Fri Jan 22 15:13:12 2021

Your job looked like:

------------------------------------------------------------
# LSBATCH: User input
#!/bin/bash
# 02614 - High-Performance Computing, January 2018
# 
# batch script to run collect on a decidated server in the hpcintro
# queue
#
# Author: Bernd Dammann <bd@cc.dtu.dk>
#
#BSUB -J collectorgpu2
#BSUB -o compare.out
#BSUB -q hpcintrogpu
#BSUB -R "rusage[mem=2048]"
#BSUB -W 30
#BSUB -gpu "num=1"

for ((c=25; c<=1000; c=c+25))
do
    echo $c
    echo "Baseline"
    jacobi_bsln $c 100 0 0
    echo "gpu2"
    jacobi_gpu2 $c 100 0 0
done 


------------------------------------------------------------

TERM_MEMLIMIT: job killed after reaching LSF memory usage limit.
Exited with exit code 130.

Resource usage summary:

    CPU time :                                   132.56 sec.
    Max Memory :                                 2048 MB
    Average Memory :                             524.50 MB
    Total Requested Memory :                     2048.00 MB
    Delta Memory :                               0.00 MB
    Max Swap :                                   -
    Max Processes :                              4
    Max Threads :                                5
    Run time :                                   166 sec.
    Turnaround time :                            199 sec.

The output (if any) is above this job summary.

25
Baseline
We are going to start the Jacobi-Iteration 
Iterations: 100 
Elapsed Time: 0.003112
50
Baseline
We are going to start the Jacobi-Iteration 
Iterations: 100 
Elapsed Time: 0.025822
75
Baseline
We are going to start the Jacobi-Iteration 
Iterations: 100 
Elapsed Time: 0.101360
100
Baseline
We are going to start the Jacobi-Iteration 
Iterations: 100 
Elapsed Time: 0.213660
125
Baseline
We are going to start the Jacobi-Iteration 
Iterations: 100 
Elapsed Time: 0.534114
150
Baseline
We are going to start the Jacobi-Iteration 
Iterations: 100 
Elapsed Time: 0.972562
175
Baseline
We are going to start the Jacobi-Iteration 
Iterations: 100 
Elapsed Time: 1.645336
200
Baseline
We are going to start the Jacobi-Iteration 
Iterations: 100 
Elapsed Time: 2.299195
225
Baseline
We are going to start the Jacobi-Iteration 
Iterations: 100 
Elapsed Time: 3.394131
250
Baseline
We are going to start the Jacobi-Iteration 
Iterations: 100 
Elapsed Time: 4.521767
275
Baseline
We are going to start the Jacobi-Iteration 
Iterations: 100 
Elapsed Time: 6.071560
300
Baseline

------------------------------------------------------------
Sender: LSF System <lsfadmin@n-62-21-78>
Subject: Job 9174893: <collectorgpu2> in cluster <dcc> Exited

Job <collectorgpu2> was submitted from host <n-62-12-23> by user <s202382> in cluster <dcc> at Fri Jan 22 15:23:55 2021
Job was executed on host(s) <n-62-21-78>, in queue <hpcintro>, as user <s202382> in cluster <dcc> at Fri Jan 22 15:23:57 2021
</zhome/51/5/153768> was used as the home directory.
</zhome/51/5/153768/Assignment3/Poisson3D_gpu/gpu2_vs_bsl> was used as the working directory.
Started at Fri Jan 22 15:23:57 2021
Terminated at Fri Jan 22 15:24:19 2021
Results reported at Fri Jan 22 15:24:19 2021

Your job looked like:

------------------------------------------------------------
# LSBATCH: User input
#!/bin/bash
# 02614 - High-Performance Computing, January 2018
# 
# batch script to run collect on a decidated server in the hpcintro
# queue
#
# Author: Bernd Dammann <bd@cc.dtu.dk>
#
#BSUB -J collectorgpu2
#BSUB -o compare.out
#BSUB -q hpcintro
#BSUB -R "rusage[mem=2048]"
#BSUB -W 30

for ((c=25; c<=425; c=c+25))
do
    echo $c
    echo "Baseline"
    jacobi_bsln $c 100 0 0

done 


------------------------------------------------------------

TERM_OWNER: job killed by owner.
Exited with exit code 130.

Resource usage summary:

    CPU time :                                   21.41 sec.
    Max Memory :                                 624 MB
    Average Memory :                             537.00 MB
    Total Requested Memory :                     2048.00 MB
    Delta Memory :                               1424.00 MB
    Max Swap :                                   -
    Max Processes :                              4
    Max Threads :                                5
    Run time :                                   21 sec.
    Turnaround time :                            24 sec.

The output (if any) is above this job summary.

