Size 25
Threads
Tolerance is 5.000000 
Size of matrix 25 
We are going to start the Jacobi-Iteration 
Elapsed Time 0.001823 

real	0m0.009s
user	0m0.036s
sys	0m0.000s
Size 50
Threads
Tolerance is 5.000000 
Size of matrix 50 
We are going to start the Jacobi-Iteration 
Elapsed Time 0.003813 

real	0m0.008s
user	0m0.062s
sys	0m0.015s
Size 75
Threads
Tolerance is 5.000000 
Size of matrix 75 
We are going to start the Jacobi-Iteration 
Elapsed Time 0.010803 

real	0m0.016s
user	0m0.191s
sys	0m0.016s
Size 100
Threads
Tolerance is 5.000000 
Size of matrix 100 
We are going to start the Jacobi-Iteration 
Elapsed Time 0.020184 

real	0m0.026s
user	0m0.346s
sys	0m0.019s
Size 125
Threads
Tolerance is 5.000000 
Size of matrix 125 
We are going to start the Jacobi-Iteration 
Elapsed Time 0.041849 

real	0m0.049s
user	0m0.717s
sys	0m0.023s
Size 150
Threads
Tolerance is 5.000000 
Size of matrix 150 
We are going to start the Jacobi-Iteration 
Elapsed Time 0.105652 

real	0m0.116s
user	0m1.771s
sys	0m0.021s
Size 175
Threads
Tolerance is 5.000000 
Size of matrix 175 
We are going to start the Jacobi-Iteration 
Elapsed Time 0.202150 

real	0m0.214s
user	0m3.324s
sys	0m0.031s
Size 200
Threads
Tolerance is 5.000000 
Size of matrix 200 
We are going to start the Jacobi-Iteration 
Elapsed Time 0.284766 

real	0m0.299s
user	0m4.642s
sys	0m0.065s
Size 225
Threads
Tolerance is 5.000000 
Size of matrix 225 
We are going to start the Jacobi-Iteration 
Elapsed Time 0.432500 

real	0m0.451s
user	0m7.070s
sys	0m0.059s
Size 250
Threads
Tolerance is 5.000000 
Size of matrix 250 
We are going to start the Jacobi-Iteration 
Elapsed Time 0.543013 

real	0m0.564s
user	0m8.846s
sys	0m0.090s
Size 275
Threads
Tolerance is 5.000000 
Size of matrix 275 
We are going to start the Jacobi-Iteration 
Elapsed Time 0.838410 

real	0m0.866s
user	0m13.605s
sys	0m0.106s
Size 300
Threads
Tolerance is 5.000000 
Size of matrix 300 
We are going to start the Jacobi-Iteration 
Elapsed Time 0.989975 

real	0m1.021s
user	0m16.045s
sys	0m0.179s
Size 325
Threads
Tolerance is 5.000000 
Size of matrix 325 
We are going to start the Jacobi-Iteration 
Elapsed Time 1.413723 

real	0m1.453s
user	0m22.371s
sys	0m0.189s
Size 350
Threads
Tolerance is 5.000000 
Size of matrix 350 
We are going to start the Jacobi-Iteration 
Elapsed Time 1.694492 

real	0m1.740s
user	0m27.399s
sys	0m0.300s
Size 375
Threads
Tolerance is 5.000000 
Size of matrix 375 
We are going to start the Jacobi-Iteration 
Elapsed Time 2.278184 

real	0m2.333s
user	0m35.807s
sys	0m0.291s
Size 400
Threads
Tolerance is 5.000000 
Size of matrix 400 
We are going to start the Jacobi-Iteration 
Elapsed Time 2.768770 

real	0m2.832s
user	0m43.044s
sys	0m0.497s
Size 425
Threads
Tolerance is 5.000000 
Size of matrix 425 
We are going to start the Jacobi-Iteration 
Elapsed Time 3.140443 

real	0m3.211s
user	0m50.652s
sys	0m0.511s
/zhome/51/5/153768/.lsbatch/1611340293.9176201.shell: line 13: syntax error near unexpected token `done'
/zhome/51/5/153768/.lsbatch/1611340293.9176201.shell: line 13: `done'

------------------------------------------------------------
Sender: LSF System <lsfadmin@n-62-21-78>
Subject: Job 9176201: <NONAME> in cluster <dcc> Exited

Job <NONAME> was submitted from host <n-62-12-23> by user <s202382> in cluster <dcc> at Fri Jan 22 19:31:33 2021
Job was executed on host(s) <24*n-62-21-78>, in queue <hpcintro>, as user <s202382> in cluster <dcc> at Fri Jan 22 19:31:34 2021
</zhome/51/5/153768> was used as the home directory.
</zhome/51/5/153768/Assignment3/Poisson3D_gpu/baseline_multitreaded> was used as the working directory.
Started at Fri Jan 22 19:31:34 2021
Terminated at Fri Jan 22 19:31:50 2021
Results reported at Fri Jan 22 19:31:50 2021

Your job looked like:

------------------------------------------------------------
# LSBATCH: User input
#!/bin/bash

#BSUB -q hpcintro 
#BSUB -W 30
#BSUB -n 24 

for((j=25; j<=425; j=j+25))
    do
	echo "Size" $j
	echo "Threads" $i
	time OMP_NUM_THREADS=16 ./poisson_j $j 100 0 0 
    done
done

------------------------------------------------------------

Exited with exit code 2.

Resource usage summary:

    CPU time :                                   238.63 sec.
    Max Memory :                                 1472 MB
    Average Memory :                             1472.00 MB
    Total Requested Memory :                     24576.00 MB
    Delta Memory :                               23104.00 MB
    Max Swap :                                   -
    Max Processes :                              4
    Max Threads :                                20
    Run time :                                   16 sec.
    Turnaround time :                            17 sec.

The output (if any) is above this job summary.

