15
We are going to start the Jacobi-Iteration 
Iterations: 100 
Elapsed Time: 0.000512
25
We are going to start the Jacobi-Iteration 
Iterations: 100 
Elapsed Time: 0.002540
35
We are going to start the Jacobi-Iteration 
Iterations: 100 
Elapsed Time: 0.006836
45
We are going to start the Jacobi-Iteration 
Iterations: 100 
Elapsed Time: 0.017516
55
We are going to start the Jacobi-Iteration 
Iterations: 100 
Elapsed Time: 0.028666
65
We are going to start the Jacobi-Iteration 
Iterations: 100 
Elapsed Time: 0.047102
75
We are going to start the Jacobi-Iteration 
Iterations: 100 
Elapsed Time: 0.081523
85
We are going to start the Jacobi-Iteration 
Iterations: 100 
Elapsed Time: 0.101526
95
We are going to start the Jacobi-Iteration 
Iterations: 100 
Elapsed Time: 0.149702
105
We are going to start the Jacobi-Iteration 
Iterations: 100 
Elapsed Time: 0.238180
115
We are going to start the Jacobi-Iteration 
Iterations: 100 
Elapsed Time: 0.341102
125
We are going to start the Jacobi-Iteration 
Iterations: 100 
Elapsed Time: 0.464007
135
We are going to start the Jacobi-Iteration 
Iterations: 100 
Elapsed Time: 0.600550
145
We are going to start the Jacobi-Iteration 
Iterations: 100 
Elapsed Time: 0.810264

------------------------------------------------------------
Sender: LSF System <lsfadmin@n-62-12-21>
Subject: Job 9174450: <collector> in cluster <dcc> Done

Job <collector> was submitted from host <n-62-12-23> by user <s202382> in cluster <dcc> at Fri Jan 22 14:38:52 2021
Job was executed on host(s) <n-62-12-21>, in queue <hpcintrogpu>, as user <s202382> in cluster <dcc> at Fri Jan 22 14:38:49 2021
</zhome/51/5/153768> was used as the home directory.
</zhome/51/5/153768/Assignment3/Poisson3D_gpu> was used as the working directory.
Started at Fri Jan 22 14:38:49 2021
Terminated at Fri Jan 22 14:39:02 2021
Results reported at Fri Jan 22 14:39:02 2021

Your job looked like:

------------------------------------------------------------
# LSBATCH: User input
#!/bin/bash
# 02614 - High-Performance Computing, January 2018
# 
# batch script to run collect on a decidated server in the hpcintro
# queue
#
# Author: Bernd Dammann <bd@cc.dtu.dk>
#
#BSUB -J collector
#BSUB -o compare_bsl_small.out
#BSUB -q hpcintrogpu
#BSUB -R "rusage[mem=2048]"
#BSUB -W 30
#BSUB -gpu "num=1"

for ((c=15; c<=150; c=c+10))
do
    echo $c
    jacobi_bsln $c 100 0 0
#    time jacobi_gpu1 $c 100 0 0
done 


------------------------------------------------------------

Successfully completed.

Resource usage summary:

    CPU time :                                   3.24 sec.
    Max Memory :                                 -
    Average Memory :                             -
    Total Requested Memory :                     2048.00 MB
    Delta Memory :                               -
    Max Swap :                                   -
    Max Processes :                              -
    Max Threads :                                -
    Run time :                                   39 sec.
    Turnaround time :                            10 sec.

The output (if any) is above this job summary.

