Library: lib. Size: 100.
CPU time: 0.000064
CPU time: 0.000029
CPU time: 0.000029
CPU time: 0.000029
CPU time: 0.000029
     234.375  48636.277 0 # matmult_lib

Library: lib. Size: 150.
CPU time: 0.000174
CPU time: 0.000087
CPU time: 0.000087
CPU time: 0.000087
CPU time: 0.000087
     527.344  62314.459 0 # matmult_lib

Library: lib. Size: 200.
CPU time: 0.000353
CPU time: 0.000232
CPU time: 0.000230
CPU time: 0.000225
CPU time: 0.000225
     937.500  62034.362 0 # matmult_lib

Library: lib. Size: 250.
CPU time: 0.000616
CPU time: 0.000445
CPU time: 0.000445
CPU time: 0.000448
CPU time: 0.000443
    1464.844  64576.580 0 # matmult_lib

Library: lib. Size: 500.
CPU time: 0.004062
CPU time: 0.003159
CPU time: 0.003147
CPU time: 0.003147
CPU time: 0.003148
    5859.375  74883.446 0 # matmult_lib

Library: lib. Size: 750.
CPU time: 0.011999
CPU time: 0.010513
CPU time: 0.010473
CPU time: 0.010522
CPU time: 0.010618
   13183.594  77881.824 0 # matmult_lib

Library: lib. Size: 1000.
CPU time: 0.027224
CPU time: 0.024620
CPU time: 0.024420
CPU time: 0.024363
CPU time: 0.024341
   23437.500  79977.211 0 # matmult_lib

Library: lib. Size: 1500.
CPU time: 0.087221
CPU time: 0.082961
CPU time: 0.082973
CPU time: 0.082923
CPU time: 0.083456
   52734.375  80430.755 0 # matmult_lib

Library: lib. Size: 2000.
CPU time: 0.207052
CPU time: 0.200800
CPU time: 0.200668
CPU time: 0.200516
CPU time: 0.200644
   93750.000  79226.463 0 # matmult_lib

Library: lib. Size: 3000.
CPU time: 0.659838
CPU time: 0.647408
CPU time: 0.647929
CPU time: 0.647129
CPU time: 0.648147
  210937.500  83058.021 0 # matmult_lib

Library: lib. Size: 4000.
CPU time: 1.534241
CPU time: 1.509758
CPU time: 1.509835
CPU time: 1.509789
CPU time: 1.509509
  375000.000  84505.120 0 # matmult_lib

Library: lib. Size: 6000.
CPU time: 5.186919
CPU time: 5.132344
CPU time: 5.131485
CPU time: 5.132010
CPU time: 5.130581
  843750.000  84001.389 0 # matmult_lib

Library: gpu2. Size: 100.
Kernel time: 0.000062
Kernel+copy time: 0.000395
Kernel time: 0.000033
Kernel+copy time: 0.000088
Kernel time: 0.000031
Kernel+copy time: 0.000085
Kernel time: 0.000031
Kernel+copy time: 0.000084
Kernel time: 0.000031
Kernel+copy time: 0.000085
     234.375   2080.928 0 # matmult_gpu2

Library: gpu2. Size: 150.
Kernel time: 0.000070
Kernel+copy time: 0.000192
Kernel time: 0.000046
Kernel+copy time: 0.000124
Kernel time: 0.000044
Kernel+copy time: 0.000122
Kernel time: 0.000045
Kernel+copy time: 0.000122
Kernel time: 0.000044
Kernel+copy time: 0.000121
     527.344   7155.611 0 # matmult_gpu2

Library: gpu2. Size: 200.
Kernel time: 0.000076
Kernel+copy time: 0.000234
Kernel time: 0.000051
Kernel+copy time: 0.000163
Kernel time: 0.000049
Kernel+copy time: 0.000160
Kernel time: 0.000048
Kernel+copy time: 0.000158
Kernel time: 0.000048
Kernel+copy time: 0.000158
     937.500  16469.178 0 # matmult_gpu2

Library: gpu2. Size: 250.
Kernel time: 0.000095
Kernel+copy time: 0.000293
Kernel time: 0.000071
Kernel+copy time: 0.000228
Kernel time: 0.000070
Kernel+copy time: 0.000225
Kernel time: 0.000069
Kernel+copy time: 0.000224
Kernel time: 0.000069
Kernel+copy time: 0.000224
    1464.844  29855.346 0 # matmult_gpu2

Library: gpu2. Size: 500.
Kernel time: 0.000291
Kernel+copy time: 0.000851
Kernel time: 0.000277
Kernel+copy time: 0.000792
Kernel time: 0.000267
Kernel+copy time: 0.000781
Kernel time: 0.000275
Kernel+copy time: 0.000789
Kernel time: 0.000275
Kernel+copy time: 0.000788
    5859.375 114599.325 0 # matmult_gpu2

Library: gpu2. Size: 750.
Kernel time: 0.000980
Kernel+copy time: 0.002148
Kernel time: 0.000954
Kernel+copy time: 0.002074
Kernel time: 0.000944
Kernel+copy time: 0.002061
Kernel time: 0.000974
Kernel+copy time: 0.002091
Kernel time: 0.000943
Kernel+copy time: 0.002060
   13183.594 206917.419 0 # matmult_gpu2

Library: gpu2. Size: 1000.
Kernel time: 0.001674
Kernel+copy time: 0.003678
Kernel time: 0.001644
Kernel+copy time: 0.003593
Kernel time: 0.001646
Kernel+copy time: 0.003594
Kernel time: 0.001641
Kernel+copy time: 0.003589
Kernel time: 0.001643
Kernel+copy time: 0.003590
   23437.500 340349.425 0 # matmult_gpu2

Library: gpu2. Size: 1500.
Kernel time: 0.005459
Kernel+copy time: 0.010063
Kernel time: 0.005421
Kernel+copy time: 0.009754
Kernel time: 0.005436
Kernel+copy time: 0.009766
Kernel time: 0.005419
Kernel+copy time: 0.009753
Kernel time: 0.005425
Kernel+copy time: 0.009757
   52734.375 495699.760 0 # matmult_gpu2

Library: gpu2. Size: 2000.
Kernel time: 0.012898
Kernel+copy time: 0.021028
Kernel time: 0.012887
Kernel+copy time: 0.020558
Kernel time: 0.012856
Kernel+copy time: 0.020524
Kernel time: 0.012927
Kernel+copy time: 0.020594
Kernel time: 0.012838
Kernel+copy time: 0.021283
   93750.000 615609.225 248 # matmult_gpu2

Library: gpu2. Size: 3000.
Kernel time: 0.029695
Kernel+copy time: 0.047201
Kernel time: 0.029642
Kernel+copy time: 0.048466
Kernel time: 0.024826
Kernel+copy time: 0.043650
Kernel time: 0.024842
Kernel+copy time: 0.042453
Kernel time: 0.024727
Kernel+copy time: 0.042342
  210937.500 1066849.718 2752 # matmult_gpu2

Library: gpu2. Size: 4000.
Kernel time: 0.098298
Kernel+copy time: 0.129316
Kernel time: 0.082352
Kernel+copy time: 0.120088
Kernel time: 0.063494
Kernel+copy time: 0.101227
Kernel time: 0.059771
Kernel+copy time: 0.093467
Kernel time: 0.059574
Kernel+copy time: 0.093401
  375000.000 1108302.702 16000 # matmult_gpu2

Library: gpu2. Size: 6000.
Kernel time: 0.298313
Kernel+copy time: 0.367564
Kernel time: 0.212224
Kernel+copy time: 0.295447
Kernel time: 0.213298
Kernel+copy time: 0.296599
Kernel time: 0.213569
Kernel+copy time: 0.297157
Kernel time: 0.213863
Kernel+copy time: 0.297178
  843750.000 1346627.054 81408 # matmult_gpu2

